<?xml version="1.0" encoding="UTF-8"?>
<testng-results ignored="0" total="1" passed="1" failed="0" skipped="0">
  <reporter-output>
  </reporter-output>
  <suite started-at="2023-05-19T07:12:21 IST" name="Default suite" finished-at="2023-05-19T07:13:39 IST" duration-ms="78304">
    <groups>
    </groups>
    <test started-at="2023-05-19T07:12:21 IST" name="Default test" finished-at="2023-05-19T07:13:39 IST" duration-ms="78304">
      <class name="test.TestSuite">
        <test-method is-config="true" signature="setup()[pri:0, instance:test.TestSuite@4efac082]" started-at="2023-05-19T07:12:06 IST" name="setup" finished-at="2023-05-19T07:12:21 IST" duration-ms="15329" status="PASS">
          <reporter-output>
          </reporter-output>
        </test-method> <!-- setup -->
        <test-method signature="executeAllTests()[pri:1, instance:test.TestSuite@4efac082]" started-at="2023-05-19T07:12:21 IST" name="executeAllTests" finished-at="2023-05-19T07:13:39 IST" duration-ms="78236" status="PASS">
          <reporter-output>
          </reporter-output>
        </test-method> <!-- executeAllTests -->
        <test-method is-config="true" signature="closeDriver()[pri:0, instance:test.TestSuite@4efac082]" started-at="2023-05-19T07:13:39 IST" name="closeDriver" finished-at="2023-05-19T07:13:40 IST" duration-ms="1018" status="PASS">
          <reporter-output>
          </reporter-output>
        </test-method> <!-- closeDriver -->
      </class> <!-- test.TestSuite -->
    </test> <!-- Default test -->
  </suite> <!-- Default suite -->
</testng-results>
